[2025-10-27 10:30:01] LOGIN_FAIL (Wrong password)
[2025-10-27 10:30:15] LOGIN_SUCCESS
[2025-10-27 10:32:45] BASKET_ADD (Geyimlər/T-Shirt x2)
[2025-10-27 10:33:05] FAVORITE_ADD (Kitablar/Clean Code)
[2025-10-27 10:35:12] CHECKOUT_FAIL (Insufficient balance) | total=150.00 AZN[2025-11-19 11:14:36] LOGIN_SUCCESS
[2025-11-19 11:15:19] LOGIN_FAIL (Wrong password)
[2025-11-19 11:15:28] LOGIN_FAIL (Wrong password)
[2025-11-19 11:15:38] LOGIN_FAIL (Wrong password)
[2025-11-19 11:15:58] LOGIN_SUCCESS
[2025-11-19 11:16:10] PASSWORD_CHANGED
[2025-11-19 11:16:30] LOGIN_FAIL (Wrong password)
[2025-11-19 11:16:38] LOGIN_SUCCESS
[2025-11-19 11:16:48] PASSWORD_CHANGED
[2025-11-19 11:49:51] LOGIN_SUCCESS
[2025-11-19 11:50:14] BASKET_ADD (Elektronika/Powerbank x22)
[2025-11-19 11:50:32] FAVORITE_ADD (Elektronika/Siçan)
[2025-11-19 11:52:50] BASKET_ADD (Elektronika/Powerbank x44)
[2025-11-19 11:53:19] FAVORITE_ADD (Elektronika/Qulaqlıq)
[2025-11-19 11:55:14] FAVORITE_ADD (Elektronika/Siçan)
[2025-11-19 11:56:11] FAVORITE_ADD (Elektronika/Siçan)
[2025-11-19 12:22:15] LOGIN_SUCCESS
[2025-11-19 12:22:48] BASKET_ADD (Aksesuarlar/Kəmər x256)
[2025-11-19 12:23:02] FAVORITE_ADD (Aksesuarlar/Cüzdan)
[2025-11-19 12:26:22] LOGIN_SUCCESS
[2025-11-19 14:06:42] LOGIN_SUCCESS
